<?xml version="1.0" encoding="utf-8"?><testsuites name="pytest tests"><testsuite name="pytest" errors="0" failures="0" skipped="1" tests="9" time="2.886" timestamp="2026-04-27T15:23:23.976768+00:00" hostname="agent-env-a8aa42ea-812d-4ac3-8d83-564be4b0e5cc"><testcase classname="backend.tests.test_region_iter5" name="test_post_invalid_region_returns_400" time="0.497" /><testcase classname="backend.tests.test_region_iter5" name="test_post_empty_region_returns_400" time="0.140" /><testcase classname="backend.tests.test_region_iter5" name="test_post_valid_regions_accepted" time="0.308" /><testcase classname="backend.tests.test_region_iter5" name="test_stats_by_region_isolation" time="0.394" /><testcase classname="backend.tests.test_region_iter5" name="test_central_stats_by_region" time="0.430" /><testcase classname="backend.tests.test_region_iter5" name="test_alerts_by_region" time="0.273" /><testcase classname="backend.tests.test_region_iter5" name="test_csv_export_by_region" time="0.117"><skipped type="pytest.skip" message="CSV has no region column: ['\ufeffdata/hora', 'nº caixa', 'volume', 'código remessa', 'cliente', 'telefone', 'endereço', 'ocorrência', 'observação', 'status', 'responsável', 'dias sem tratativa', 'fotos']">/app/backend/tests/test_region_iter5.py:208: CSV has no region column: ['\ufeffdata/hora', 'nº caixa', 'volume', 'código remessa', 'cliente', 'telefone', 'endereço', 'ocorrência', 'observação', 'status', 'responsável', 'dias sem tratativa', 'fotos']</skipped></testcase><testcase classname="backend.tests.test_region_iter5" name="test_list_filter_regression" time="0.269" /><testcase classname="backend.tests.test_region_iter5" name="test_indexes_endpoint_or_smoke" time="0.368" /></testsuite></testsuites>