<?xml version="1.0" encoding="utf-8"?><testsuites name="pytest tests"><testsuite name="pytest" errors="0" failures="0" skipped="0" tests="14" time="2.714" timestamp="2026-04-27T12:33:32.097847+00:00" hostname="agent-env-a8aa42ea-812d-4ac3-8d83-564be4b0e5cc"><testcase classname="backend.tests.test_region_features" name="test_login_invalid" time="0.407" /><testcase classname="backend.tests.test_region_features" name="test_auth_me" time="0.466" /><testcase classname="backend.tests.test_region_features" name="test_create_sp" time="0.114" /><testcase classname="backend.tests.test_region_features" name="test_create_guarulhos" time="0.138" /><testcase classname="backend.tests.test_region_features" name="test_get_custody_persistence" time="0.118" /><testcase classname="backend.tests.test_region_features" name="test_list_filter_region_sp" time="0.108" /><testcase classname="backend.tests.test_region_features" name="test_list_filter_region_guarulhos" time="0.115" /><testcase classname="backend.tests.test_region_features" name="test_list_search_query" time="0.334" /><testcase classname="backend.tests.test_region_features" name="test_region_stats" time="0.108" /><testcase classname="backend.tests.test_region_features" name="test_treatment_flags" time="0.102" /><testcase classname="backend.tests.test_region_features" name="test_label_endpoint" time="0.142" /><testcase classname="backend.tests.test_region_features" name="test_central_stats" time="0.104" /><testcase classname="backend.tests.test_region_features" name="test_unauthenticated_list" time="0.141" /><testcase classname="backend.tests.test_region_features" name="test_zz_cleanup" time="0.237" /></testsuite></testsuites>