<?xml version="1.0" encoding="utf-8"?><testsuites name="pytest tests"><testsuite name="pytest" errors="0" failures="0" skipped="0" tests="20" time="10.441" timestamp="2026-04-27T16:01:26.498672+00:00" hostname="agent-env-a8aa42ea-812d-4ac3-8d83-564be4b0e5cc"><testcase classname="backend.tests.test_rbac_iter6" name="test_register_disabled_returns_403" time="0.198" /><testcase classname="backend.tests.test_rbac_iter6" name="test_login_bad_credentials_returns_401_generic_message" time="0.129" /><testcase classname="backend.tests.test_rbac_iter6" name="test_login_success_returns_role_region_active" time="0.484" /><testcase classname="backend.tests.test_rbac_iter6" name="test_auth_me_operator_returns_region" time="0.868" /><testcase classname="backend.tests.test_rbac_iter6" name="test_lockout_after_5_failed_attempts_returns_423" time="0.765" /><testcase classname="backend.tests.test_rbac_iter6" name="test_login_success_clears_failure_counter" time="2.648" /><testcase classname="backend.tests.test_rbac_iter6" name="test_create_operator_missing_region_400" time="0.135" /><testcase classname="backend.tests.test_rbac_iter6" name="test_create_user_short_password_400" time="0.121" /><testcase classname="backend.tests.test_rbac_iter6" name="test_create_user_duplicate_email_400" time="0.155" /><testcase classname="backend.tests.test_rbac_iter6" name="test_operator_cannot_create_user_403" time="0.186" /><testcase classname="backend.tests.test_rbac_iter6" name="test_admin_patch_user_name_role_region_active" time="1.537" /><testcase classname="backend.tests.test_rbac_iter6" name="test_inactive_user_login_returns_401_generic" time="0.825" /><testcase classname="backend.tests.test_rbac_iter6" name="test_admin_cannot_deactivate_self" time="0.238" /><testcase classname="backend.tests.test_rbac_iter6" name="test_delete_user_soft_sets_is_active_false" time="0.647" /><testcase classname="backend.tests.test_rbac_iter6" name="test_operator_create_custody_in_own_region_200" time="0.135" /><testcase classname="backend.tests.test_rbac_iter6" name="test_operator_cannot_create_custody_in_other_region_403" time="0.158" /><testcase classname="backend.tests.test_rbac_iter6" name="test_operator_cannot_patch_other_region_custody" time="0.655" /><testcase classname="backend.tests.test_rbac_iter6" name="test_audit_logs_admin_returns_list" time="0.109" /><testcase classname="backend.tests.test_rbac_iter6" name="test_audit_logs_operator_forbidden" time="0.123" /><testcase classname="backend.tests.test_rbac_iter6" name="test_audit_logs_filter_by_action" time="0.257" /></testsuite></testsuites>